<?xml version="1.0" encoding="utf-8"?>
<TestRun id="165021cd-ab58-46fc-a838-8080f2c18080" name="@localhost 2026-09-15 14:02:11" xmlns="http://microsoft.com/schemas/VisualStudio/TeamTest/2010">
  <Times creation="2026-09-15T14:02:11.2508185+02:00" queuing="2026-09-15T14:02:11.2508186+02:00" start="2026-09-15T14:02:09.3754568+02:00" finish="2026-09-15T14:02:11.5316471+02:00" />
  <TestSettings name="default" id="4f35eb47-6577-4d74-a9e2-05f86872f5c1">
    <Deployment runDeploymentRoot="_localhost_2026-09-15_14_02_11" />
  </TestSettings>
  <Results>
    <UnitTestResult executionId="06594a87-c39c-4001-8006-ba6da35fe5bb" testId="2c7dc509-23d1-00df-5b55-30077a42f654" testName="SCIRE.Foundation.Service.Evaluation.Tests.Dres.DresLiveTests.LiveDres_ViewerState" computerName="localhost" duration="00:00:00.0010000" startTime="2026-09-15T14:02:10.8387940+02:00" endTime="2026-09-15T14:02:10.8391532+02:00" testType="13cdc9d9-ddb5-4fa4-a97d-d965ccfc6d4b" outcome="NotExecuted" testListId="8c84fa94-04c1-424b-9868-57a2d4851a1d" relativeResultsDirectory="06594a87-c39c-4001-8006-ba6da35fe5bb">
      <Output>
        <ErrorInfo>
          <Message>Set DRES_ENDPOINT, DRES_USERNAME and DRES_PASSWORD to run against a live DRES instance.</Message>
        </ErrorInfo>
      </Output>
    </UnitTestResult>
    <UnitTestResult executionId="f9938c1c-ba8f-44e4-9e09-ab0dc9efb0ab" testId="eee2253b-ab6f-d919-4be4-f88151cf177b" testName="SCIRE.Foundation.Service.Evaluation.Tests.Dres.DresEvaluationServiceTests.ApiRejection_DistinguishesSessionFromEvaluationAccess(code: 401, remainsAuthenticated: False)" computerName="localhost" duration="00:00:00.0003882" startTime="2026-09-15T14:02:11.2405380+02:00" endTime="2026-09-15T14:02:11.2408696+02:00" testType="13cdc9d9-ddb5-4fa4-a97d-d965ccfc6d4b" outcome="Passed" testListId="8c84fa94-04c1-424b-9868-57a2d4851a1d" relativeResultsDirectory="f9938c1c-ba8f-44e4-9e09-ab0dc9efb0ab" />
    <UnitTestResult executionId="77f30576-ecad-456f-8bdf-402d6f6c3c91" testId="85a8eea5-2752-2ffa-11ea-e99f0ba98f6a" testName="SCIRE.Foundation.Service.Evaluation.Tests.Dres.DresEvaluationServiceTests.GetStateAsync_MapsEvaluationState" computerName="localhost" duration="00:00:00.0071347" startTime="2026-09-15T14:02:11.2985525+02:00" endTime="2026-09-15T14:02:11.3050724+02:00" testType="13cdc9d9-ddb5-4fa4-a97d-d965ccfc6d4b" outcome="Passed" testListId="8c84fa94-04c1-424b-9868-57a2d4851a1d" relativeResultsDirectory="77f30576-ecad-456f-8bdf-402d6f6c3c91" />
    <UnitTestResult executionId="49cde391-b64e-49e8-8931-8ed7c65beb31" testId="e689c14e-b42e-0240-9abf-3d66c03dcde9" testName="SCIRE.Foundation.Service.Evaluation.Tests.Dres.DresEvaluationServiceTests.CallerCancellation_DoesNotCountAsConnectionFailure" computerName="localhost" duration="00:00:00.0189423" startTime="2026-09-15T14:02:11.1818349+02:00" endTime="2026-09-15T14:02:11.1992263+02:00" testType="13cdc9d9-ddb5-4fa4-a97d-d965ccfc6d4b" outcome="Passed" testListId="8c84fa94-04c1-424b-9868-57a2d4851a1d" relativeResultsDirectory="49cde391-b64e-49e8-8931-8ed7c65beb31" />
    <UnitTestResult executionId="fc7ad3ea-5cd1-414c-b780-85e62b40a622" testId="a596f24c-3e63-ff75-0c47-0bbba7ee90f0" testName="SCIRE.Foundation.Service.Evaluation.Tests.Dres.DresEvaluationServiceTests.ApiRejection_DistinguishesSessionFromEvaluationAccess(code: 403, remainsAuthenticated: True)" computerName="localhost" duration="00:00:00.0058045" startTime="2026-09-15T14:02:11.2335562+02:00" endTime="2026-09-15T14:02:11.2388141+02:00" testType="13cdc9d9-ddb5-4fa4-a97d-d965ccfc6d4b" outcome="Passed" testListId="8c84fa94-04c1-424b-9868-57a2d4851a1d" relativeResultsDirectory="fc7ad3ea-5cd1-414c-b780-85e62b40a622" />
    <UnitTestResult executionId="588ff0ab-4142-4207-addf-200c1ccc81ef" testId="0317e562-e89d-0cc8-42b3-a45a800ee1ce" testName="SCIRE.Foundation.Service.Evaluation.Tests.Dres.DresEvaluationServiceTests.InvalidSuccessfulResponse_IsAProtocolFailure(payload: &quot;{}&quot;)" computerName="localhost" duration="00:00:00.0037640" startTime="2026-09-15T14:02:10.9973128+02:00" endTime="2026-09-15T14:02:10.9990108+02:00" testType="13cdc9d9-ddb5-4fa4-a97d-d965ccfc6d4b" outcome="Passed" testListId="8c84fa94-04c1-424b-9868-57a2d4851a1d" relativeResultsDirectory="588ff0ab-4142-4207-addf-200c1ccc81ef" />
    <UnitTestResult executionId="448b325f-e7b1-41d4-9f64-399f49bf2cb8" testId="c1871390-988c-8d62-f851-a9390fec6f5a" testName="SCIRE.Foundation.Service.Evaluation.Tests.Dres.DresEvaluationServiceTests.EvaluationLogger_PreservesEventSemanticsAndUsesMilliseconds" computerName="localhost" duration="00:00:00.0035873" startTime="2026-09-15T14:02:11.2607079+02:00" endTime="2026-09-15T14:02:11.2634179+02:00" testType="13cdc9d9-ddb5-4fa4-a97d-d965ccfc6d4b" outcome="Passed" testListId="8c84fa94-04c1-424b-9868-57a2d4851a1d" relativeResultsDirectory="448b325f-e7b1-41d4-9f64-399f49bf2cb8" />
    <UnitTestResult executionId="e57933cb-c044-43c0-b28a-645395cf5093" testId="cd3dd5d5-1bd8-8b71-c35e-f59f12c69727" testName="SCIRE.Foundation.Service.Evaluation.Tests.Mapping.EvaluationScopeMappingsTests.Resolve_UsesRegisteredMapping" computerName="localhost" duration="00:00:00.0224217" startTime="2026-09-15T14:02:10.7984912+02:00" endTime="2026-09-15T14:02:10.8463222+02:00" testType="13cdc9d9-ddb5-4fa4-a97d-d965ccfc6d4b" outcome="Passed" testListId="8c84fa94-04c1-424b-9868-57a2d4851a1d" relativeResultsDirectory="e57933cb-c044-43c0-b28a-645395cf5093" />
    <UnitTestResult executionId="11771a5c-d484-41f0-9af1-e027e6f2b182" testId="a97a902c-3764-343c-7bbb-e1b1c4998efa" testName="SCIRE.Foundation.Service.Evaluation.Tests.Dres.DresEvaluationServiceTests.LoginAsync_UsesSessionEndpointWhenLoginDoesNotContainSession" computerName="localhost" duration="00:00:00.0081133" startTime="2026-09-15T14:02:11.2414158+02:00" endTime="2026-09-15T14:02:11.2490336+02:00" testType="13cdc9d9-ddb5-4fa4-a97d-d965ccfc6d4b" outcome="Passed" testListId="8c84fa94-04c1-424b-9868-57a2d4851a1d" relativeResultsDirectory="11771a5c-d484-41f0-9af1-e027e6f2b182" />
    <UnitTestResult executionId="346e8fe6-26a6-481e-b574-9f64c14c3a5f" testId="2eb261fc-1b11-0653-8907-79bdd82af4f6" testName="SCIRE.Foundation.Service.Evaluation.Tests.Dres.DresEvaluationServiceTests.Monitor_StopsWhenCancelled" computerName="localhost" duration="00:00:00.0046829" startTime="2026-09-15T14:02:11.3080871+02:00" endTime="2026-09-15T14:02:11.3123743+02:00" testType="13cdc9d9-ddb5-4fa4-a97d-d965ccfc6d4b" outcome="Passed" testListId="8c84fa94-04c1-424b-9868-57a2d4851a1d" relativeResultsDirectory="346e8fe6-26a6-481e-b574-9f64c14c3a5f" />
    <UnitTestResult executionId="2bb4402f-9c72-45be-aea0-4ded7e13859a" testId="a58e3825-7ed9-c67b-677c-cc90e455efc0" testName="SCIRE.Foundation.Service.Evaluation.Tests.Dres.DresEvaluationServiceTests.ServerFailure_IsDegradedAndDoesNotThrowFromProbe" computerName="localhost" duration="00:00:00.0011002" startTime="2026-09-15T14:02:11.2755116+02:00" endTime="2026-09-15T14:02:11.2761323+02:00" testType="13cdc9d9-ddb5-4fa4-a97d-d965ccfc6d4b" outcome="Passed" testListId="8c84fa94-04c1-424b-9868-57a2d4851a1d" relativeResultsDirectory="2bb4402f-9c72-45be-aea0-4ded7e13859a" />
    <UnitTestResult executionId="acef5222-cb87-4318-ab28-e15272304d65" testId="fb4c5a23-093e-8ea7-3b57-d37e98aa6e42" testName="SCIRE.Foundation.Service.Evaluation.Tests.Dres.DresEvaluationServiceTests.GetMetadataAsync_MapsServerTime" computerName="localhost" duration="00:00:00.0141439" startTime="2026-09-15T14:02:11.1646647+02:00" endTime="2026-09-15T14:02:11.1786948+02:00" testType="13cdc9d9-ddb5-4fa4-a97d-d965ccfc6d4b" outcome="Passed" testListId="8c84fa94-04c1-424b-9868-57a2d4851a1d" relativeResultsDirectory="acef5222-cb87-4318-ab28-e15272304d65" />
    <UnitTestResult executionId="42f3bf78-55bd-4173-97e2-d1ab5db8f3b9" testId="40dfff53-2dc8-7413-84fa-45f18fd0c220" testName="SCIRE.Foundation.Service.Evaluation.Tests.Dres.DresPackageTests.RequestDeadline_AlsoCoversReadingTheResponseBody" computerName="localhost" duration="00:00:00.1466824" startTime="2026-09-15T14:02:10.7986333+02:00" endTime="2026-09-15T14:02:10.9683101+02:00" testType="13cdc9d9-ddb5-4fa4-a97d-d965ccfc6d4b" outcome="Passed" testListId="8c84fa94-04c1-424b-9868-57a2d4851a1d" relativeResultsDirectory="42f3bf78-55bd-4173-97e2-d1ab5db8f3b9" />
    <UnitTestResult executionId="60ce94ae-fb35-4db3-a17b-f52772315de1" testId="f2fbeb36-2966-45bc-5e23-e61fe9adf1fc" testName="SCIRE.Foundation.Service.Evaluation.Tests.Dres.DresEvaluationServiceTests.HealthProbe_VerifiesAuthenticationAfterPublicTimeRequest" computerName="localhost" duration="00:00:00.0033419" startTime="2026-09-15T14:02:11.1609912+02:00" endTime="2026-09-15T14:02:11.1642373+02:00" testType="13cdc9d9-ddb5-4fa4-a97d-d965ccfc6d4b" outcome="Passed" testListId="8c84fa94-04c1-424b-9868-57a2d4851a1d" relativeResultsDirectory="60ce94ae-fb35-4db3-a17b-f52772315de1" />
    <UnitTestResult executionId="dd9ca0c6-3324-4d28-ac20-6287b8bf367d" testId="cbbb5797-d7fd-26fb-c80c-6adf888faf3f" testName="SCIRE.Foundation.Service.Evaluation.Tests.Dres.DresPackageTests.DependencyInjection_ReusesOneServiceForTheSession" computerName="localhost" duration="00:00:00.0570584" startTime="2026-09-15T14:02:10.9699846+02:00" endTime="2026-09-15T14:02:11.1025835+02:00" testType="13cdc9d9-ddb5-4fa4-a97d-d965ccfc6d4b" outcome="Passed" testListId="8c84fa94-04c1-424b-9868-57a2d4851a1d" relativeResultsDirectory="dd9ca0c6-3324-4d28-ac20-6287b8bf367d" />
    <UnitTestResult executionId="1df4b062-cc61-4685-9009-158f564fe756" testId="895dfa5a-5d12-73b3-a561-e3f5a3d4ceb2" testName="SCIRE.Foundation.Service.Evaluation.Tests.Mapping.EvaluationScopeMappingsTests.Resolve_UsesAssignableMapping" computerName="localhost" duration="00:00:00.0049628" startTime="2026-09-15T14:02:10.8483629+02:00" endTime="2026-09-15T14:02:10.8485256+02:00" testType="13cdc9d9-ddb5-4fa4-a97d-d965ccfc6d4b" outcome="Passed" testListId="8c84fa94-04c1-424b-9868-57a2d4851a1d" relativeResultsDirectory="1df4b062-cc61-4685-9009-158f564fe756" />
    <UnitTestResult executionId="9c87909c-9087-4566-9487-0c94de8b1272" testId="f6574cdd-c6d6-0cf8-6e86-91b242939c54" testName="SCIRE.Foundation.Service.Evaluation.Tests.Dres.DresEvaluationServiceTests.InvalidSuccessfulResponse_IsAProtocolFailure(payload: &quot;null&quot;)" computerName="localhost" duration="00:00:00.0039686" startTime="2026-09-15T14:02:10.9919099+02:00" endTime="2026-09-15T14:02:10.9969610+02:00" testType="13cdc9d9-ddb5-4fa4-a97d-d965ccfc6d4b" outcome="Passed" testListId="8c84fa94-04c1-424b-9868-57a2d4851a1d" relativeResultsDirectory="9c87909c-9087-4566-9487-0c94de8b1272" />
    <UnitTestResult executionId="a2afb58b-c5ab-4cc6-88f2-f5bea1f00186" testId="6b588178-6dc5-aec7-4549-27636bb9d9ec" testName="SCIRE.Foundation.Service.Evaluation.Tests.Dres.DresEvaluationServiceTests.SessionFallback_AcceptsPlainTextAndJsonStrings(payload: &quot;session-456&quot;)" computerName="localhost" duration="00:00:00.0007272" startTime="2026-09-15T14:02:11.2512423+02:00" endTime="2026-09-15T14:02:11.2514282+02:00" testType="13cdc9d9-ddb5-4fa4-a97d-d965ccfc6d4b" outcome="Passed" testListId="8c84fa94-04c1-424b-9868-57a2d4851a1d" relativeResultsDirectory="a2afb58b-c5ab-4cc6-88f2-f5bea1f00186" />
    <UnitTestResult executionId="2c350fa0-ee37-44ac-a6cc-acb5ab55c0cf" testId="6c61be02-d81c-5f2d-ef98-28a1171a553e" testName="SCIRE.Foundation.Service.Evaluation.Tests.Dres.DresEvaluationServiceTests.InvalidLogCategory_IsRejectedBeforeSending" computerName="localhost" duration="00:00:00.0057032" startTime="2026-09-15T14:02:11.1041174+02:00" endTime="2026-09-15T14:02:11.1071948+02:00" testType="13cdc9d9-ddb5-4fa4-a97d-d965ccfc6d4b" outcome="Passed" testListId="8c84fa94-04c1-424b-9868-57a2d4851a1d" relativeResultsDirectory="2c350fa0-ee37-44ac-a6cc-acb5ab55c0cf" />
    <UnitTestResult executionId="9c1027f0-0fcd-44a4-b17a-aea48d22c2d1" testId="57ac18e8-d8ef-7d54-fb05-4971b2a0ccf0" testName="SCIRE.Foundation.Service.Evaluation.Tests.Dres.DresEvaluationServiceTests.SubmissionTimeout_IsNotRetried" computerName="localhost" duration="00:00:00.0697374" startTime="2026-09-15T14:02:11.3129047+02:00" endTime="2026-09-15T14:02:11.3831863+02:00" testType="13cdc9d9-ddb5-4fa4-a97d-d965ccfc6d4b" outcome="Passed" testListId="8c84fa94-04c1-424b-9868-57a2d4851a1d" relativeResultsDirectory="9c1027f0-0fcd-44a4-b17a-aea48d22c2d1" />
    <UnitTestResult executionId="5f9d314a-3de6-4054-b2c4-75f4f09ae9f3" testId="5b7654cd-dad9-bdf3-8b8b-8d02e8d7719e" testName="SCIRE.Foundation.Service.Evaluation.Tests.Dres.DresEvaluationServiceTests.Login_ResolvesSecureSessionCookieWithoutCookieHandler" computerName="localhost" duration="00:00:00.0047257" startTime="2026-09-15T14:02:11.2558615+02:00" endTime="2026-09-15T14:02:11.2597077+02:00" testType="13cdc9d9-ddb5-4fa4-a97d-d965ccfc6d4b" outcome="Passed" testListId="8c84fa94-04c1-424b-9868-57a2d4851a1d" relativeResultsDirectory="5f9d314a-3de6-4054-b2c4-75f4f09ae9f3" />
    <UnitTestResult executionId="257770a0-7311-491a-9b47-83fe35897bb6" testId="803b1e98-48c1-a018-5c8e-03149a98fc15" testName="SCIRE.Foundation.Service.Evaluation.Tests.Dres.DresEvaluationServiceTests.SubmitAsync_ThrowsDresApiExceptionWhenSubmissionIsRejected" computerName="localhost" duration="00:00:00.0016879" startTime="2026-09-15T14:02:11.2808539+02:00" endTime="2026-09-15T14:02:11.2810329+02:00" testType="13cdc9d9-ddb5-4fa4-a97d-d965ccfc6d4b" outcome="Passed" testListId="8c84fa94-04c1-424b-9868-57a2d4851a1d" relativeResultsDirectory="257770a0-7311-491a-9b47-83fe35897bb6" />
    <UnitTestResult executionId="cd5cbb54-8d77-45f6-8115-77020a90bff3" testId="d52baf71-9c3f-1904-d7a7-6bffc4fe7557" testName="SCIRE.Foundation.Service.Evaluation.Tests.Dres.DresEvaluationServiceTests.TransportFailure_ReportsUnreachableWithoutDiscardingSession" computerName="localhost" duration="00:00:00.0013274" startTime="2026-09-15T14:02:11.2541948+02:00" endTime="2026-09-15T14:02:11.2545513+02:00" testType="13cdc9d9-ddb5-4fa4-a97d-d965ccfc6d4b" outcome="Passed" testListId="8c84fa94-04c1-424b-9868-57a2d4851a1d" relativeResultsDirectory="cd5cbb54-8d77-45f6-8115-77020a90bff3" />
    <UnitTestResult executionId="78e9a061-0d6c-414c-b7dd-68e5a45c16b0" testId="17935360-851e-f270-93a3-39f5284ef49d" testName="SCIRE.Foundation.Service.Evaluation.Tests.Dres.DresEvaluationServiceTests.EscapedSessionAndEndpointPrefix_ArePreserved" computerName="localhost" duration="00:00:00.0161914" startTime="2026-09-15T14:02:11.1997550+02:00" endTime="2026-09-15T14:02:11.2157979+02:00" testType="13cdc9d9-ddb5-4fa4-a97d-d965ccfc6d4b" outcome="Passed" testListId="8c84fa94-04c1-424b-9868-57a2d4851a1d" relativeResultsDirectory="78e9a061-0d6c-414c-b7dd-68e5a45c16b0" />
    <UnitTestResult executionId="0a3f1b6f-a902-48fb-9a87-06e109779f6e" testId="cf73d612-bcd9-bb1a-b9ff-f29a5c271ff0" testName="SCIRE.Foundation.Service.Evaluation.Tests.Dres.DresEvaluationServiceTests.SubmitAsync_MapsApplicationScopeToDresTemporalSubmission" computerName="localhost" duration="00:00:00.0065672" startTime="2026-09-15T14:02:11.2662757+02:00" endTime="2026-09-15T14:02:11.2722437+02:00" testType="13cdc9d9-ddb5-4fa4-a97d-d965ccfc6d4b" outcome="Passed" testListId="8c84fa94-04c1-424b-9868-57a2d4851a1d" relativeResultsDirectory="0a3f1b6f-a902-48fb-9a87-06e109779f6e" />
    <UnitTestResult executionId="11500c7f-a14a-49f8-8ac4-1718915fe8c7" testId="14001813-2603-6c7a-943e-e9d39826ad65" testName="SCIRE.Foundation.Service.Evaluation.Tests.Dres.DresEvaluationServiceTests.ProtectedOperations_UseTheSameExplicitSession" computerName="localhost" duration="00:00:00.0475852" startTime="2026-09-15T14:02:11.1077294+02:00" endTime="2026-09-15T14:02:11.1575448+02:00" testType="13cdc9d9-ddb5-4fa4-a97d-d965ccfc6d4b" outcome="Passed" testListId="8c84fa94-04c1-424b-9868-57a2d4851a1d" relativeResultsDirectory="11500c7f-a14a-49f8-8ac4-1718915fe8c7" />
    <UnitTestResult executionId="28f2fd2e-ec7d-43c6-adc4-70800cae2c14" testId="37659417-4464-2cf1-52fd-0d81f0230916" testName="SCIRE.Foundation.Service.Evaluation.Tests.Dres.DresEvaluationServiceTests.InvalidTemporalScope_IsRejectedBeforeSending" computerName="localhost" duration="00:00:00.0017280" startTime="2026-09-15T14:02:11.2550987+02:00" endTime="2026-09-15T14:02:11.2554034+02:00" testType="13cdc9d9-ddb5-4fa4-a97d-d965ccfc6d4b" outcome="Passed" testListId="8c84fa94-04c1-424b-9868-57a2d4851a1d" relativeResultsDirectory="28f2fd2e-ec7d-43c6-adc4-70800cae2c14" />
    <UnitTestResult executionId="3fa592fb-735e-41b5-aa3b-7c17caf72f2f" testId="e1a331ef-5cbb-c1b5-8492-c61ef36de08b" testName="SCIRE.Foundation.Service.Evaluation.Tests.Dres.DresEvaluationServiceTests.ErrorsAndDiagnosticLogs_DoNotExposeSession" computerName="localhost" duration="00:00:00.1779885" startTime="2026-09-15T14:02:10.7947104+02:00" endTime="2026-09-15T14:02:10.9911141+02:00" testType="13cdc9d9-ddb5-4fa4-a97d-d965ccfc6d4b" outcome="Passed" testListId="8c84fa94-04c1-424b-9868-57a2d4851a1d" relativeResultsDirectory="3fa592fb-735e-41b5-aa3b-7c17caf72f2f" />
    <UnitTestResult executionId="e4f8bfa9-ccf7-4501-a70b-d8b1499f5048" testId="87f4cfb9-f0ed-950b-300d-c66ac142f44f" testName="SCIRE.Foundation.Service.Evaluation.Tests.Dres.DresEvaluationServiceTests.ApiRejection_DistinguishesSessionFromEvaluationAccess(code: 404, remainsAuthenticated: True)" computerName="localhost" duration="00:00:00.0011397" startTime="2026-09-15T14:02:11.2393300+02:00" endTime="2026-09-15T14:02:11.2402177+02:00" testType="13cdc9d9-ddb5-4fa4-a97d-d965ccfc6d4b" outcome="Passed" testListId="8c84fa94-04c1-424b-9868-57a2d4851a1d" relativeResultsDirectory="e4f8bfa9-ccf7-4501-a70b-d8b1499f5048" />
    <UnitTestResult executionId="84fbdf6c-c51b-42db-96f4-34cbcbe008cb" testId="2b24cc9c-ea83-e17c-9550-dcddd0f7031f" testName="SCIRE.Foundation.Service.Evaluation.Tests.Dres.DresEvaluationServiceTests.ClearSession_DuringLoginPreventsLateSessionRestoration" computerName="localhost" duration="00:00:00.0163015" startTime="2026-09-15T14:02:11.2818103+02:00" endTime="2026-09-15T14:02:11.2978695+02:00" testType="13cdc9d9-ddb5-4fa4-a97d-d965ccfc6d4b" outcome="Passed" testListId="8c84fa94-04c1-424b-9868-57a2d4851a1d" relativeResultsDirectory="84fbdf6c-c51b-42db-96f4-34cbcbe008cb" />
    <UnitTestResult executionId="f0a966e3-9c2e-4f0b-bf5d-bde2d7fafd62" testId="033bcf0c-45df-52ae-61b5-db59d0e199bb" testName="SCIRE.Foundation.Service.Evaluation.Tests.Dres.DresEvaluationServiceTests.CurrentTask404_RemainsVisibleAsAnApiError" computerName="localhost" duration="00:00:00.0054501" startTime="2026-09-15T14:02:11.1584366+02:00" endTime="2026-09-15T14:02:11.1605517+02:00" testType="13cdc9d9-ddb5-4fa4-a97d-d965ccfc6d4b" outcome="Passed" testListId="8c84fa94-04c1-424b-9868-57a2d4851a1d" relativeResultsDirectory="f0a966e3-9c2e-4f0b-bf5d-bde2d7fafd62" />
    <UnitTestResult executionId="75872db4-6eb5-4eed-9181-f973ca677b62" testId="468b04f2-d351-c374-69a3-cd03c1e8f258" testName="SCIRE.Foundation.Service.Evaluation.Tests.Dres.DresEvaluationServiceTests.FailedLogout_RetainsSessionForRetry" computerName="localhost" duration="00:00:00.0016451" startTime="2026-09-15T14:02:11.2644409+02:00" endTime="2026-09-15T14:02:11.2650959+02:00" testType="13cdc9d9-ddb5-4fa4-a97d-d965ccfc6d4b" outcome="Passed" testListId="8c84fa94-04c1-424b-9868-57a2d4851a1d" relativeResultsDirectory="75872db4-6eb5-4eed-9181-f973ca677b62" />
    <UnitTestResult executionId="97c51d96-a49d-460c-a7ea-b0c175510999" testId="db4ce238-b9ab-c91f-b6d2-12394efbd743" testName="SCIRE.Foundation.Service.Evaluation.Tests.Dres.DresEvaluationServiceTests.SessionFallback_AcceptsPlainTextAndJsonStrings(payload: &quot;\&quot;session-456\&quot;&quot;)" computerName="localhost" duration="00:00:00.0015554" startTime="2026-09-15T14:02:11.2496205+02:00" endTime="2026-09-15T14:02:11.2508043+02:00" testType="13cdc9d9-ddb5-4fa4-a97d-d965ccfc6d4b" outcome="Passed" testListId="8c84fa94-04c1-424b-9868-57a2d4851a1d" relativeResultsDirectory="97c51d96-a49d-460c-a7ea-b0c175510999" />
    <UnitTestResult executionId="b0d1c46e-b30b-4600-9e16-eb237e2cbbd6" testId="b7fc448e-9737-5800-00ac-3a491b22d5d3" testName="SCIRE.Foundation.Service.Evaluation.Tests.Dres.DresLiveTests.LiveDres_SmokeTest" computerName="localhost" duration="00:00:00.0010000" startTime="2026-09-15T14:02:10.7987076+02:00" endTime="2026-09-15T14:02:10.8021565+02:00" testType="13cdc9d9-ddb5-4fa4-a97d-d965ccfc6d4b" outcome="NotExecuted" testListId="8c84fa94-04c1-424b-9868-57a2d4851a1d" relativeResultsDirectory="b0d1c46e-b30b-4600-9e16-eb237e2cbbd6">
      <Output>
        <ErrorInfo>
          <Message>Set DRES_ENDPOINT, DRES_USERNAME and DRES_PASSWORD to run against a live DRES instance.</Message>
        </ErrorInfo>
      </Output>
    </UnitTestResult>
    <UnitTestResult executionId="56655a60-5786-4597-9478-60c68ce2d7f5" testId="4b047288-10e7-f1a9-a9dc-2f91ec9cf757" testName="SCIRE.Foundation.Service.Evaluation.Tests.Dres.DresEvaluationServiceTests.ExpiredResponseFromPreviousLogin_CannotInvalidateNewSession" computerName="localhost" duration="00:00:00.0161749" startTime="2026-09-15T14:02:11.2162988+02:00" endTime="2026-09-15T14:02:11.2328272+02:00" testType="13cdc9d9-ddb5-4fa4-a97d-d965ccfc6d4b" outcome="Passed" testListId="8c84fa94-04c1-424b-9868-57a2d4851a1d" relativeResultsDirectory="56655a60-5786-4597-9478-60c68ce2d7f5" />
    <UnitTestResult executionId="f9060f80-daf0-4a76-b29b-9dcee227ebc1" testId="7c1f5c39-2f50-1ba9-3a37-66b35ee1cc8f" testName="SCIRE.Foundation.Service.Evaluation.Tests.Dres.DresEvaluationServiceTests.GetEvaluationsAsync_MapsDresEvaluation" computerName="localhost" duration="00:00:00.0024664" startTime="2026-09-15T14:02:11.2728572+02:00" endTime="2026-09-15T14:02:11.2749702+02:00" testType="13cdc9d9-ddb5-4fa4-a97d-d965ccfc6d4b" outcome="Passed" testListId="8c84fa94-04c1-424b-9868-57a2d4851a1d" relativeResultsDirectory="f9060f80-daf0-4a76-b29b-9dcee227ebc1" />
    <UnitTestResult executionId="90576e76-eb0f-44c3-ba66-0d5bb7322448" testId="a2358276-8174-0ad7-654d-10911e3816db" testName="SCIRE.Foundation.Service.Evaluation.Tests.Dres.DresEvaluationServiceTests.LoggingCallbacks_CannotTurnAcceptedSubmissionIntoFailure" computerName="localhost" duration="00:00:00.1016176" startTime="2026-09-15T14:02:11.1023895+02:00" endTime="2026-09-15T14:02:11.1037386+02:00" testType="13cdc9d9-ddb5-4fa4-a97d-d965ccfc6d4b" outcome="Passed" testListId="8c84fa94-04c1-424b-9868-57a2d4851a1d" relativeResultsDirectory="90576e76-eb0f-44c3-ba66-0d5bb7322448" />
    <UnitTestResult executionId="6339802e-d0fd-41bd-b34e-d6a84412f4ed" testId="d296b284-0279-8c86-dfcd-469611131294" testName="SCIRE.Foundation.Service.Evaluation.Tests.Dres.DresEvaluationServiceTests.LoginAsync_AuthenticatesAndStoresSession" computerName="localhost" duration="00:00:00.0020360" startTime="2026-09-15T14:02:11.2765661+02:00" endTime="2026-09-15T14:02:11.2783702+02:00" testType="13cdc9d9-ddb5-4fa4-a97d-d965ccfc6d4b" outcome="Passed" testListId="8c84fa94-04c1-424b-9868-57a2d4851a1d" relativeResultsDirectory="6339802e-d0fd-41bd-b34e-d6a84412f4ed" />
    <UnitTestResult executionId="1bc248fb-a794-439c-9234-0ae94784607d" testId="df2bff67-5013-67cb-1dc7-b993cf0a8926" testName="SCIRE.Foundation.Service.Evaluation.Tests.Dres.DresPackageTests.StateWithoutLogin_DoesNotSendARequest" computerName="localhost" duration="00:00:00.0141123" startTime="2026-09-15T14:02:11.1032299+02:00" endTime="2026-09-15T14:02:11.1034004+02:00" testType="13cdc9d9-ddb5-4fa4-a97d-d965ccfc6d4b" outcome="Passed" testListId="8c84fa94-04c1-424b-9868-57a2d4851a1d" relativeResultsDirectory="1bc248fb-a794-439c-9234-0ae94784607d" />
    <UnitTestResult executionId="16a89acf-b342-450a-bd26-be591948864c" testId="db3b0626-e149-a0bb-87da-5defad52dd5b" testName="SCIRE.Foundation.Service.Evaluation.Tests.Dres.DresEvaluationServiceTests.ExplicitSubmission_PreservesTaskTargetAndAnswerSets" computerName="localhost" duration="00:00:00.0023651" startTime="2026-09-15T14:02:11.3056189+02:00" endTime="2026-09-15T14:02:11.3074768+02:00" testType="13cdc9d9-ddb5-4fa4-a97d-d965ccfc6d4b" outcome="Passed" testListId="8c84fa94-04c1-424b-9868-57a2d4851a1d" relativeResultsDirectory="16a89acf-b342-450a-bd26-be591948864c" />
    <UnitTestResult executionId="61d5b991-cd0e-4f24-bb2f-e7e056a8fd8c" testId="ed7ea98a-e022-5935-2c20-64cff34a973c" testName="SCIRE.Foundation.Service.Evaluation.Tests.Dres.DresEvaluationServiceTests.InvalidSuccessfulResponse_IsAProtocolFailure(payload: &quot;&lt;html&gt;proxy response&lt;/html&gt;&quot;)" computerName="localhost" duration="00:00:00.0004637" startTime="2026-09-15T14:02:11.1010753+02:00" endTime="2026-09-15T14:02:11.1013500+02:00" testType="13cdc9d9-ddb5-4fa4-a97d-d965ccfc6d4b" outcome="Passed" testListId="8c84fa94-04c1-424b-9868-57a2d4851a1d" relativeResultsDirectory="61d5b991-cd0e-4f24-bb2f-e7e056a8fd8c" />
  </Results>
  <TestDefinitions>
    <UnitTest name="SCIRE.Foundation.Service.Evaluation.Tests.Dres.DresEvaluationServiceTests.GetStateAsync_MapsEvaluationState" storage="/workspace/scratch/823a1552b44e/evaluation-refinement/tests/scire.foundation.service.evaluation.tests/bin/release/net10.0/scire.foundation.service.evaluation.tests.dll" id="85a8eea5-2752-2ffa-11ea-e99f0ba98f6a">
      <Execution id="77f30576-ecad-456f-8bdf-402d6f6c3c91" />
      <TestMethod codeBase="/workspace/scratch/823a1552b44e/evaluation-refinement/tests/SCIRE.Foundation.Service.Evaluation.Tests/bin/Release/net10.0/SCIRE.Foundation.Service.Evaluation.Tests.dll" adapterTypeName="executor://xunit/VsTestRunner3/netcore/" className="SCIRE.Foundation.Service.Evaluation.Tests.Dres.DresEvaluationServiceTests" name="GetStateAsync_MapsEvaluationState" />
    </UnitTest>
    <UnitTest name="SCIRE.Foundation.Service.Evaluation.Tests.Dres.DresEvaluationServiceTests.ApiRejection_DistinguishesSessionFromEvaluationAccess(code: 404, remainsAuthenticated: True)" storage="/workspace/scratch/823a1552b44e/evaluation-refinement/tests/scire.foundation.service.evaluation.tests/bin/release/net10.0/scire.foundation.service.evaluation.tests.dll" id="87f4cfb9-f0ed-950b-300d-c66ac142f44f">
      <Execution id="e4f8bfa9-ccf7-4501-a70b-d8b1499f5048" />
      <TestMethod codeBase="/workspace/scratch/823a1552b44e/evaluation-refinement/tests/SCIRE.Foundation.Service.Evaluation.Tests/bin/Release/net10.0/SCIRE.Foundation.Service.Evaluation.Tests.dll" adapterTypeName="executor://xunit/VsTestRunner3/netcore/" className="SCIRE.Foundation.Service.Evaluation.Tests.Dres.DresEvaluationServiceTests" name="ApiRejection_DistinguishesSessionFromEvaluationAccess" />
    </UnitTest>
    <UnitTest name="SCIRE.Foundation.Service.Evaluation.Tests.Mapping.EvaluationScopeMappingsTests.Resolve_UsesRegisteredMapping" storage="/workspace/scratch/823a1552b44e/evaluation-refinement/tests/scire.foundation.service.evaluation.tests/bin/release/net10.0/scire.foundation.service.evaluation.tests.dll" id="cd3dd5d5-1bd8-8b71-c35e-f59f12c69727">
      <Execution id="e57933cb-c044-43c0-b28a-645395cf5093" />
      <TestMethod codeBase="/workspace/scratch/823a1552b44e/evaluation-refinement/tests/SCIRE.Foundation.Service.Evaluation.Tests/bin/Release/net10.0/SCIRE.Foundation.Service.Evaluation.Tests.dll" adapterTypeName="executor://xunit/VsTestRunner3/netcore/" className="SCIRE.Foundation.Service.Evaluation.Tests.Mapping.EvaluationScopeMappingsTests" name="Resolve_UsesRegisteredMapping" />
    </UnitTest>
    <UnitTest name="SCIRE.Foundation.Service.Evaluation.Tests.Dres.DresLiveTests.LiveDres_ViewerState" storage="/workspace/scratch/823a1552b44e/evaluation-refinement/tests/scire.foundation.service.evaluation.tests/bin/release/net10.0/scire.foundation.service.evaluation.tests.dll" id="2c7dc509-23d1-00df-5b55-30077a42f654">
      <Execution id="06594a87-c39c-4001-8006-ba6da35fe5bb" />
      <TestMethod codeBase="/workspace/scratch/823a1552b44e/evaluation-refinement/tests/SCIRE.Foundation.Service.Evaluation.Tests/bin/Release/net10.0/SCIRE.Foundation.Service.Evaluation.Tests.dll" adapterTypeName="executor://xunit/VsTestRunner3/netcore/" className="SCIRE.Foundation.Service.Evaluation.Tests.Dres.DresLiveTests" name="LiveDres_ViewerState" />
    </UnitTest>
    <UnitTest name="SCIRE.Foundation.Service.Evaluation.Tests.Dres.DresEvaluationServiceTests.Monitor_StopsWhenCancelled" storage="/workspace/scratch/823a1552b44e/evaluation-refinement/tests/scire.foundation.service.evaluation.tests/bin/release/net10.0/scire.foundation.service.evaluation.tests.dll" id="2eb261fc-1b11-0653-8907-79bdd82af4f6">
      <Execution id="346e8fe6-26a6-481e-b574-9f64c14c3a5f" />
      <TestMethod codeBase="/workspace/scratch/823a1552b44e/evaluation-refinement/tests/SCIRE.Foundation.Service.Evaluation.Tests/bin/Release/net10.0/SCIRE.Foundation.Service.Evaluation.Tests.dll" adapterTypeName="executor://xunit/VsTestRunner3/netcore/" className="SCIRE.Foundation.Service.Evaluation.Tests.Dres.DresEvaluationServiceTests" name="Monitor_StopsWhenCancelled" />
    </UnitTest>
    <UnitTest name="SCIRE.Foundation.Service.Evaluation.Tests.Dres.DresPackageTests.DependencyInjection_ReusesOneServiceForTheSession" storage="/workspace/scratch/823a1552b44e/evaluation-refinement/tests/scire.foundation.service.evaluation.tests/bin/release/net10.0/scire.foundation.service.evaluation.tests.dll" id="cbbb5797-d7fd-26fb-c80c-6adf888faf3f">
      <Execution id="dd9ca0c6-3324-4d28-ac20-6287b8bf367d" />
      <TestMethod codeBase="/workspace/scratch/823a1552b44e/evaluation-refinement/tests/SCIRE.Foundation.Service.Evaluation.Tests/bin/Release/net10.0/SCIRE.Foundation.Service.Evaluation.Tests.dll" adapterTypeName="executor://xunit/VsTestRunner3/netcore/" className="SCIRE.Foundation.Service.Evaluation.Tests.Dres.DresPackageTests" name="DependencyInjection_ReusesOneServiceForTheSession" />
    </UnitTest>
    <UnitTest name="SCIRE.Foundation.Service.Evaluation.Tests.Dres.DresEvaluationServiceTests.LoggingCallbacks_CannotTurnAcceptedSubmissionIntoFailure" storage="/workspace/scratch/823a1552b44e/evaluation-refinement/tests/scire.foundation.service.evaluation.tests/bin/release/net10.0/scire.foundation.service.evaluation.tests.dll" id="a2358276-8174-0ad7-654d-10911e3816db">
      <Execution id="90576e76-eb0f-44c3-ba66-0d5bb7322448" />
      <TestMethod codeBase="/workspace/scratch/823a1552b44e/evaluation-refinement/tests/SCIRE.Foundation.Service.Evaluation.Tests/bin/Release/net10.0/SCIRE.Foundation.Service.Evaluation.Tests.dll" adapterTypeName="executor://xunit/VsTestRunner3/netcore/" className="SCIRE.Foundation.Service.Evaluation.Tests.Dres.DresEvaluationServiceTests" name="LoggingCallbacks_CannotTurnAcceptedSubmissionIntoFailure" />
    </UnitTest>
    <UnitTest name="SCIRE.Foundation.Service.Evaluation.Tests.Mapping.EvaluationScopeMappingsTests.Resolve_UsesAssignableMapping" storage="/workspace/scratch/823a1552b44e/evaluation-refinement/tests/scire.foundation.service.evaluation.tests/bin/release/net10.0/scire.foundation.service.evaluation.tests.dll" id="895dfa5a-5d12-73b3-a561-e3f5a3d4ceb2">
      <Execution id="1df4b062-cc61-4685-9009-158f564fe756" />
      <TestMethod codeBase="/workspace/scratch/823a1552b44e/evaluation-refinement/tests/SCIRE.Foundation.Service.Evaluation.Tests/bin/Release/net10.0/SCIRE.Foundation.Service.Evaluation.Tests.dll" adapterTypeName="executor://xunit/VsTestRunner3/netcore/" className="SCIRE.Foundation.Service.Evaluation.Tests.Mapping.EvaluationScopeMappingsTests" name="Resolve_UsesAssignableMapping" />
    </UnitTest>
    <UnitTest name="SCIRE.Foundation.Service.Evaluation.Tests.Dres.DresEvaluationServiceTests.InvalidSuccessfulResponse_IsAProtocolFailure(payload: &quot;&lt;html&gt;proxy response&lt;/html&gt;&quot;)" storage="/workspace/scratch/823a1552b44e/evaluation-refinement/tests/scire.foundation.service.evaluation.tests/bin/release/net10.0/scire.foundation.service.evaluation.tests.dll" id="ed7ea98a-e022-5935-2c20-64cff34a973c">
      <Execution id="61d5b991-cd0e-4f24-bb2f-e7e056a8fd8c" />
      <TestMethod codeBase="/workspace/scratch/823a1552b44e/evaluation-refinement/tests/SCIRE.Foundation.Service.Evaluation.Tests/bin/Release/net10.0/SCIRE.Foundation.Service.Evaluation.Tests.dll" adapterTypeName="executor://xunit/VsTestRunner3/netcore/" className="SCIRE.Foundation.Service.Evaluation.Tests.Dres.DresEvaluationServiceTests" name="InvalidSuccessfulResponse_IsAProtocolFailure" />
    </UnitTest>
    <UnitTest name="SCIRE.Foundation.Service.Evaluation.Tests.Dres.DresEvaluationServiceTests.InvalidSuccessfulResponse_IsAProtocolFailure(payload: &quot;null&quot;)" storage="/workspace/scratch/823a1552b44e/evaluation-refinement/tests/scire.foundation.service.evaluation.tests/bin/release/net10.0/scire.foundation.service.evaluation.tests.dll" id="f6574cdd-c6d6-0cf8-6e86-91b242939c54">
      <Execution id="9c87909c-9087-4566-9487-0c94de8b1272" />
      <TestMethod codeBase="/workspace/scratch/823a1552b44e/evaluation-refinement/tests/SCIRE.Foundation.Service.Evaluation.Tests/bin/Release/net10.0/SCIRE.Foundation.Service.Evaluation.Tests.dll" adapterTypeName="executor://xunit/VsTestRunner3/netcore/" className="SCIRE.Foundation.Service.Evaluation.Tests.Dres.DresEvaluationServiceTests" name="InvalidSuccessfulResponse_IsAProtocolFailure" />
    </UnitTest>
    <UnitTest name="SCIRE.Foundation.Service.Evaluation.Tests.Dres.DresEvaluationServiceTests.HealthProbe_VerifiesAuthenticationAfterPublicTimeRequest" storage="/workspace/scratch/823a1552b44e/evaluation-refinement/tests/scire.foundation.service.evaluation.tests/bin/release/net10.0/scire.foundation.service.evaluation.tests.dll" id="f2fbeb36-2966-45bc-5e23-e61fe9adf1fc">
      <Execution id="60ce94ae-fb35-4db3-a17b-f52772315de1" />
      <TestMethod codeBase="/workspace/scratch/823a1552b44e/evaluation-refinement/tests/SCIRE.Foundation.Service.Evaluation.Tests/bin/Release/net10.0/SCIRE.Foundation.Service.Evaluation.Tests.dll" adapterTypeName="executor://xunit/VsTestRunner3/netcore/" className="SCIRE.Foundation.Service.Evaluation.Tests.Dres.DresEvaluationServiceTests" name="HealthProbe_VerifiesAuthenticationAfterPublicTimeRequest" />
    </UnitTest>
    <UnitTest name="SCIRE.Foundation.Service.Evaluation.Tests.Dres.DresPackageTests.RequestDeadline_AlsoCoversReadingTheResponseBody" storage="/workspace/scratch/823a1552b44e/evaluation-refinement/tests/scire.foundation.service.evaluation.tests/bin/release/net10.0/scire.foundation.service.evaluation.tests.dll" id="40dfff53-2dc8-7413-84fa-45f18fd0c220">
      <Execution id="42f3bf78-55bd-4173-97e2-d1ab5db8f3b9" />
      <TestMethod codeBase="/workspace/scratch/823a1552b44e/evaluation-refinement/tests/SCIRE.Foundation.Service.Evaluation.Tests/bin/Release/net10.0/SCIRE.Foundation.Service.Evaluation.Tests.dll" adapterTypeName="executor://xunit/VsTestRunner3/netcore/" className="SCIRE.Foundation.Service.Evaluation.Tests.Dres.DresPackageTests" name="RequestDeadline_AlsoCoversReadingTheResponseBody" />
    </UnitTest>
    <UnitTest name="SCIRE.Foundation.Service.Evaluation.Tests.Dres.DresEvaluationServiceTests.TransportFailure_ReportsUnreachableWithoutDiscardingSession" storage="/workspace/scratch/823a1552b44e/evaluation-refinement/tests/scire.foundation.service.evaluation.tests/bin/release/net10.0/scire.foundation.service.evaluation.tests.dll" id="d52baf71-9c3f-1904-d7a7-6bffc4fe7557">
      <Execution id="cd5cbb54-8d77-45f6-8115-77020a90bff3" />
      <TestMethod codeBase="/workspace/scratch/823a1552b44e/evaluation-refinement/tests/SCIRE.Foundation.Service.Evaluation.Tests/bin/Release/net10.0/SCIRE.Foundation.Service.Evaluation.Tests.dll" adapterTypeName="executor://xunit/VsTestRunner3/netcore/" className="SCIRE.Foundation.Service.Evaluation.Tests.Dres.DresEvaluationServiceTests" name="TransportFailure_ReportsUnreachableWithoutDiscardingSession" />
    </UnitTest>
    <UnitTest name="SCIRE.Foundation.Service.Evaluation.Tests.Dres.DresEvaluationServiceTests.InvalidTemporalScope_IsRejectedBeforeSending" storage="/workspace/scratch/823a1552b44e/evaluation-refinement/tests/scire.foundation.service.evaluation.tests/bin/release/net10.0/scire.foundation.service.evaluation.tests.dll" id="37659417-4464-2cf1-52fd-0d81f0230916">
      <Execution id="28f2fd2e-ec7d-43c6-adc4-70800cae2c14" />
      <TestMethod codeBase="/workspace/scratch/823a1552b44e/evaluation-refinement/tests/SCIRE.Foundation.Service.Evaluation.Tests/bin/Release/net10.0/SCIRE.Foundation.Service.Evaluation.Tests.dll" adapterTypeName="executor://xunit/VsTestRunner3/netcore/" className="SCIRE.Foundation.Service.Evaluation.Tests.Dres.DresEvaluationServiceTests" name="InvalidTemporalScope_IsRejectedBeforeSending" />
    </UnitTest>
    <UnitTest name="SCIRE.Foundation.Service.Evaluation.Tests.Dres.DresEvaluationServiceTests.ApiRejection_DistinguishesSessionFromEvaluationAccess(code: 403, remainsAuthenticated: True)" storage="/workspace/scratch/823a1552b44e/evaluation-refinement/tests/scire.foundation.service.evaluation.tests/bin/release/net10.0/scire.foundation.service.evaluation.tests.dll" id="a596f24c-3e63-ff75-0c47-0bbba7ee90f0">
      <Execution id="fc7ad3ea-5cd1-414c-b780-85e62b40a622" />
      <TestMethod codeBase="/workspace/scratch/823a1552b44e/evaluation-refinement/tests/SCIRE.Foundation.Service.Evaluation.Tests/bin/Release/net10.0/SCIRE.Foundation.Service.Evaluation.Tests.dll" adapterTypeName="executor://xunit/VsTestRunner3/netcore/" className="SCIRE.Foundation.Service.Evaluation.Tests.Dres.DresEvaluationServiceTests" name="ApiRejection_DistinguishesSessionFromEvaluationAccess" />
    </UnitTest>
    <UnitTest name="SCIRE.Foundation.Service.Evaluation.Tests.Dres.DresEvaluationServiceTests.CurrentTask404_RemainsVisibleAsAnApiError" storage="/workspace/scratch/823a1552b44e/evaluation-refinement/tests/scire.foundation.service.evaluation.tests/bin/release/net10.0/scire.foundation.service.evaluation.tests.dll" id="033bcf0c-45df-52ae-61b5-db59d0e199bb">
      <Execution id="f0a966e3-9c2e-4f0b-bf5d-bde2d7fafd62" />
      <TestMethod codeBase="/workspace/scratch/823a1552b44e/evaluation-refinement/tests/SCIRE.Foundation.Service.Evaluation.Tests/bin/Release/net10.0/SCIRE.Foundation.Service.Evaluation.Tests.dll" adapterTypeName="executor://xunit/VsTestRunner3/netcore/" className="SCIRE.Foundation.Service.Evaluation.Tests.Dres.DresEvaluationServiceTests" name="CurrentTask404_RemainsVisibleAsAnApiError" />
    </UnitTest>
    <UnitTest name="SCIRE.Foundation.Service.Evaluation.Tests.Dres.DresEvaluationServiceTests.ServerFailure_IsDegradedAndDoesNotThrowFromProbe" storage="/workspace/scratch/823a1552b44e/evaluation-refinement/tests/scire.foundation.service.evaluation.tests/bin/release/net10.0/scire.foundation.service.evaluation.tests.dll" id="a58e3825-7ed9-c67b-677c-cc90e455efc0">
      <Execution id="2bb4402f-9c72-45be-aea0-4ded7e13859a" />
      <TestMethod codeBase="/workspace/scratch/823a1552b44e/evaluation-refinement/tests/SCIRE.Foundation.Service.Evaluation.Tests/bin/Release/net10.0/SCIRE.Foundation.Service.Evaluation.Tests.dll" adapterTypeName="executor://xunit/VsTestRunner3/netcore/" className="SCIRE.Foundation.Service.Evaluation.Tests.Dres.DresEvaluationServiceTests" name="ServerFailure_IsDegradedAndDoesNotThrowFromProbe" />
    </UnitTest>
    <UnitTest name="SCIRE.Foundation.Service.Evaluation.Tests.Dres.DresEvaluationServiceTests.ApiRejection_DistinguishesSessionFromEvaluationAccess(code: 401, remainsAuthenticated: False)" storage="/workspace/scratch/823a1552b44e/evaluation-refinement/tests/scire.foundation.service.evaluation.tests/bin/release/net10.0/scire.foundation.service.evaluation.tests.dll" id="eee2253b-ab6f-d919-4be4-f88151cf177b">
      <Execution id="f9938c1c-ba8f-44e4-9e09-ab0dc9efb0ab" />
      <TestMethod codeBase="/workspace/scratch/823a1552b44e/evaluation-refinement/tests/SCIRE.Foundation.Service.Evaluation.Tests/bin/Release/net10.0/SCIRE.Foundation.Service.Evaluation.Tests.dll" adapterTypeName="executor://xunit/VsTestRunner3/netcore/" className="SCIRE.Foundation.Service.Evaluation.Tests.Dres.DresEvaluationServiceTests" name="ApiRejection_DistinguishesSessionFromEvaluationAccess" />
    </UnitTest>
    <UnitTest name="SCIRE.Foundation.Service.Evaluation.Tests.Dres.DresEvaluationServiceTests.CallerCancellation_DoesNotCountAsConnectionFailure" storage="/workspace/scratch/823a1552b44e/evaluation-refinement/tests/scire.foundation.service.evaluation.tests/bin/release/net10.0/scire.foundation.service.evaluation.tests.dll" id="e689c14e-b42e-0240-9abf-3d66c03dcde9">
      <Execution id="49cde391-b64e-49e8-8931-8ed7c65beb31" />
      <TestMethod codeBase="/workspace/scratch/823a1552b44e/evaluation-refinement/tests/SCIRE.Foundation.Service.Evaluation.Tests/bin/Release/net10.0/SCIRE.Foundation.Service.Evaluation.Tests.dll" adapterTypeName="executor://xunit/VsTestRunner3/netcore/" className="SCIRE.Foundation.Service.Evaluation.Tests.Dres.DresEvaluationServiceTests" name="CallerCancellation_DoesNotCountAsConnectionFailure" />
    </UnitTest>
    <UnitTest name="SCIRE.Foundation.Service.Evaluation.Tests.Dres.DresPackageTests.StateWithoutLogin_DoesNotSendARequest" storage="/workspace/scratch/823a1552b44e/evaluation-refinement/tests/scire.foundation.service.evaluation.tests/bin/release/net10.0/scire.foundation.service.evaluation.tests.dll" id="df2bff67-5013-67cb-1dc7-b993cf0a8926">
      <Execution id="1bc248fb-a794-439c-9234-0ae94784607d" />
      <TestMethod codeBase="/workspace/scratch/823a1552b44e/evaluation-refinement/tests/SCIRE.Foundation.Service.Evaluation.Tests/bin/Release/net10.0/SCIRE.Foundation.Service.Evaluation.Tests.dll" adapterTypeName="executor://xunit/VsTestRunner3/netcore/" className="SCIRE.Foundation.Service.Evaluation.Tests.Dres.DresPackageTests" name="StateWithoutLogin_DoesNotSendARequest" />
    </UnitTest>
    <UnitTest name="SCIRE.Foundation.Service.Evaluation.Tests.Dres.DresEvaluationServiceTests.ErrorsAndDiagnosticLogs_DoNotExposeSession" storage="/workspace/scratch/823a1552b44e/evaluation-refinement/tests/scire.foundation.service.evaluation.tests/bin/release/net10.0/scire.foundation.service.evaluation.tests.dll" id="e1a331ef-5cbb-c1b5-8492-c61ef36de08b">
      <Execution id="3fa592fb-735e-41b5-aa3b-7c17caf72f2f" />
      <TestMethod codeBase="/workspace/scratch/823a1552b44e/evaluation-refinement/tests/SCIRE.Foundation.Service.Evaluation.Tests/bin/Release/net10.0/SCIRE.Foundation.Service.Evaluation.Tests.dll" adapterTypeName="executor://xunit/VsTestRunner3/netcore/" className="SCIRE.Foundation.Service.Evaluation.Tests.Dres.DresEvaluationServiceTests" name="ErrorsAndDiagnosticLogs_DoNotExposeSession" />
    </UnitTest>
    <UnitTest name="SCIRE.Foundation.Service.Evaluation.Tests.Dres.DresEvaluationServiceTests.SubmissionTimeout_IsNotRetried" storage="/workspace/scratch/823a1552b44e/evaluation-refinement/tests/scire.foundation.service.evaluation.tests/bin/release/net10.0/scire.foundation.service.evaluation.tests.dll" id="57ac18e8-d8ef-7d54-fb05-4971b2a0ccf0">
      <Execution id="9c1027f0-0fcd-44a4-b17a-aea48d22c2d1" />
      <TestMethod codeBase="/workspace/scratch/823a1552b44e/evaluation-refinement/tests/SCIRE.Foundation.Service.Evaluation.Tests/bin/Release/net10.0/SCIRE.Foundation.Service.Evaluation.Tests.dll" adapterTypeName="executor://xunit/VsTestRunner3/netcore/" className="SCIRE.Foundation.Service.Evaluation.Tests.Dres.DresEvaluationServiceTests" name="SubmissionTimeout_IsNotRetried" />
    </UnitTest>
    <UnitTest name="SCIRE.Foundation.Service.Evaluation.Tests.Dres.DresEvaluationServiceTests.SessionFallback_AcceptsPlainTextAndJsonStrings(payload: &quot;session-456&quot;)" storage="/workspace/scratch/823a1552b44e/evaluation-refinement/tests/scire.foundation.service.evaluation.tests/bin/release/net10.0/scire.foundation.service.evaluation.tests.dll" id="6b588178-6dc5-aec7-4549-27636bb9d9ec">
      <Execution id="a2afb58b-c5ab-4cc6-88f2-f5bea1f00186" />
      <TestMethod codeBase="/workspace/scratch/823a1552b44e/evaluation-refinement/tests/SCIRE.Foundation.Service.Evaluation.Tests/bin/Release/net10.0/SCIRE.Foundation.Service.Evaluation.Tests.dll" adapterTypeName="executor://xunit/VsTestRunner3/netcore/" className="SCIRE.Foundation.Service.Evaluation.Tests.Dres.DresEvaluationServiceTests" name="SessionFallback_AcceptsPlainTextAndJsonStrings" />
    </UnitTest>
    <UnitTest name="SCIRE.Foundation.Service.Evaluation.Tests.Dres.DresEvaluationServiceTests.Login_ResolvesSecureSessionCookieWithoutCookieHandler" storage="/workspace/scratch/823a1552b44e/evaluation-refinement/tests/scire.foundation.service.evaluation.tests/bin/release/net10.0/scire.foundation.service.evaluation.tests.dll" id="5b7654cd-dad9-bdf3-8b8b-8d02e8d7719e">
      <Execution id="5f9d314a-3de6-4054-b2c4-75f4f09ae9f3" />
      <TestMethod codeBase="/workspace/scratch/823a1552b44e/evaluation-refinement/tests/SCIRE.Foundation.Service.Evaluation.Tests/bin/Release/net10.0/SCIRE.Foundation.Service.Evaluation.Tests.dll" adapterTypeName="executor://xunit/VsTestRunner3/netcore/" className="SCIRE.Foundation.Service.Evaluation.Tests.Dres.DresEvaluationServiceTests" name="Login_ResolvesSecureSessionCookieWithoutCookieHandler" />
    </UnitTest>
    <UnitTest name="SCIRE.Foundation.Service.Evaluation.Tests.Dres.DresEvaluationServiceTests.GetMetadataAsync_MapsServerTime" storage="/workspace/scratch/823a1552b44e/evaluation-refinement/tests/scire.foundation.service.evaluation.tests/bin/release/net10.0/scire.foundation.service.evaluation.tests.dll" id="fb4c5a23-093e-8ea7-3b57-d37e98aa6e42">
      <Execution id="acef5222-cb87-4318-ab28-e15272304d65" />
      <TestMethod codeBase="/workspace/scratch/823a1552b44e/evaluation-refinement/tests/SCIRE.Foundation.Service.Evaluation.Tests/bin/Release/net10.0/SCIRE.Foundation.Service.Evaluation.Tests.dll" adapterTypeName="executor://xunit/VsTestRunner3/netcore/" className="SCIRE.Foundation.Service.Evaluation.Tests.Dres.DresEvaluationServiceTests" name="GetMetadataAsync_MapsServerTime" />
    </UnitTest>
    <UnitTest name="SCIRE.Foundation.Service.Evaluation.Tests.Dres.DresEvaluationServiceTests.LoginAsync_UsesSessionEndpointWhenLoginDoesNotContainSession" storage="/workspace/scratch/823a1552b44e/evaluation-refinement/tests/scire.foundation.service.evaluation.tests/bin/release/net10.0/scire.foundation.service.evaluation.tests.dll" id="a97a902c-3764-343c-7bbb-e1b1c4998efa">
      <Execution id="11771a5c-d484-41f0-9af1-e027e6f2b182" />
      <TestMethod codeBase="/workspace/scratch/823a1552b44e/evaluation-refinement/tests/SCIRE.Foundation.Service.Evaluation.Tests/bin/Release/net10.0/SCIRE.Foundation.Service.Evaluation.Tests.dll" adapterTypeName="executor://xunit/VsTestRunner3/netcore/" className="SCIRE.Foundation.Service.Evaluation.Tests.Dres.DresEvaluationServiceTests" name="LoginAsync_UsesSessionEndpointWhenLoginDoesNotContainSession" />
    </UnitTest>
    <UnitTest name="SCIRE.Foundation.Service.Evaluation.Tests.Dres.DresEvaluationServiceTests.SessionFallback_AcceptsPlainTextAndJsonStrings(payload: &quot;\&quot;session-456\&quot;&quot;)" storage="/workspace/scratch/823a1552b44e/evaluation-refinement/tests/scire.foundation.service.evaluation.tests/bin/release/net10.0/scire.foundation.service.evaluation.tests.dll" id="db4ce238-b9ab-c91f-b6d2-12394efbd743">
      <Execution id="97c51d96-a49d-460c-a7ea-b0c175510999" />
      <TestMethod codeBase="/workspace/scratch/823a1552b44e/evaluation-refinement/tests/SCIRE.Foundation.Service.Evaluation.Tests/bin/Release/net10.0/SCIRE.Foundation.Service.Evaluation.Tests.dll" adapterTypeName="executor://xunit/VsTestRunner3/netcore/" className="SCIRE.Foundation.Service.Evaluation.Tests.Dres.DresEvaluationServiceTests" name="SessionFallback_AcceptsPlainTextAndJsonStrings" />
    </UnitTest>
    <UnitTest name="SCIRE.Foundation.Service.Evaluation.Tests.Dres.DresEvaluationServiceTests.EscapedSessionAndEndpointPrefix_ArePreserved" storage="/workspace/scratch/823a1552b44e/evaluation-refinement/tests/scire.foundation.service.evaluation.tests/bin/release/net10.0/scire.foundation.service.evaluation.tests.dll" id="17935360-851e-f270-93a3-39f5284ef49d">
      <Execution id="78e9a061-0d6c-414c-b7dd-68e5a45c16b0" />
      <TestMethod codeBase="/workspace/scratch/823a1552b44e/evaluation-refinement/tests/SCIRE.Foundation.Service.Evaluation.Tests/bin/Release/net10.0/SCIRE.Foundation.Service.Evaluation.Tests.dll" adapterTypeName="executor://xunit/VsTestRunner3/netcore/" className="SCIRE.Foundation.Service.Evaluation.Tests.Dres.DresEvaluationServiceTests" name="EscapedSessionAndEndpointPrefix_ArePreserved" />
    </UnitTest>
    <UnitTest name="SCIRE.Foundation.Service.Evaluation.Tests.Dres.DresEvaluationServiceTests.GetEvaluationsAsync_MapsDresEvaluation" storage="/workspace/scratch/823a1552b44e/evaluation-refinement/tests/scire.foundation.service.evaluation.tests/bin/release/net10.0/scire.foundation.service.evaluation.tests.dll" id="7c1f5c39-2f50-1ba9-3a37-66b35ee1cc8f">
      <Execution id="f9060f80-daf0-4a76-b29b-9dcee227ebc1" />
      <TestMethod codeBase="/workspace/scratch/823a1552b44e/evaluation-refinement/tests/SCIRE.Foundation.Service.Evaluation.Tests/bin/Release/net10.0/SCIRE.Foundation.Service.Evaluation.Tests.dll" adapterTypeName="executor://xunit/VsTestRunner3/netcore/" className="SCIRE.Foundation.Service.Evaluation.Tests.Dres.DresEvaluationServiceTests" name="GetEvaluationsAsync_MapsDresEvaluation" />
    </UnitTest>
    <UnitTest name="SCIRE.Foundation.Service.Evaluation.Tests.Dres.DresEvaluationServiceTests.FailedLogout_RetainsSessionForRetry" storage="/workspace/scratch/823a1552b44e/evaluation-refinement/tests/scire.foundation.service.evaluation.tests/bin/release/net10.0/scire.foundation.service.evaluation.tests.dll" id="468b04f2-d351-c374-69a3-cd03c1e8f258">
      <Execution id="75872db4-6eb5-4eed-9181-f973ca677b62" />
      <TestMethod codeBase="/workspace/scratch/823a1552b44e/evaluation-refinement/tests/SCIRE.Foundation.Service.Evaluation.Tests/bin/Release/net10.0/SCIRE.Foundation.Service.Evaluation.Tests.dll" adapterTypeName="executor://xunit/VsTestRunner3/netcore/" className="SCIRE.Foundation.Service.Evaluation.Tests.Dres.DresEvaluationServiceTests" name="FailedLogout_RetainsSessionForRetry" />
    </UnitTest>
    <UnitTest name="SCIRE.Foundation.Service.Evaluation.Tests.Dres.DresLiveTests.LiveDres_SmokeTest" storage="/workspace/scratch/823a1552b44e/evaluation-refinement/tests/scire.foundation.service.evaluation.tests/bin/release/net10.0/scire.foundation.service.evaluation.tests.dll" id="b7fc448e-9737-5800-00ac-3a491b22d5d3">
      <Execution id="b0d1c46e-b30b-4600-9e16-eb237e2cbbd6" />
      <TestMethod codeBase="/workspace/scratch/823a1552b44e/evaluation-refinement/tests/SCIRE.Foundation.Service.Evaluation.Tests/bin/Release/net10.0/SCIRE.Foundation.Service.Evaluation.Tests.dll" adapterTypeName="executor://xunit/VsTestRunner3/netcore/" className="SCIRE.Foundation.Service.Evaluation.Tests.Dres.DresLiveTests" name="LiveDres_SmokeTest" />
    </UnitTest>
    <UnitTest name="SCIRE.Foundation.Service.Evaluation.Tests.Dres.DresEvaluationServiceTests.LoginAsync_AuthenticatesAndStoresSession" storage="/workspace/scratch/823a1552b44e/evaluation-refinement/tests/scire.foundation.service.evaluation.tests/bin/release/net10.0/scire.foundation.service.evaluation.tests.dll" id="d296b284-0279-8c86-dfcd-469611131294">
      <Execution id="6339802e-d0fd-41bd-b34e-d6a84412f4ed" />
      <TestMethod codeBase="/workspace/scratch/823a1552b44e/evaluation-refinement/tests/SCIRE.Foundation.Service.Evaluation.Tests/bin/Release/net10.0/SCIRE.Foundation.Service.Evaluation.Tests.dll" adapterTypeName="executor://xunit/VsTestRunner3/netcore/" className="SCIRE.Foundation.Service.Evaluation.Tests.Dres.DresEvaluationServiceTests" name="LoginAsync_AuthenticatesAndStoresSession" />
    </UnitTest>
    <UnitTest name="SCIRE.Foundation.Service.Evaluation.Tests.Dres.DresEvaluationServiceTests.ClearSession_DuringLoginPreventsLateSessionRestoration" storage="/workspace/scratch/823a1552b44e/evaluation-refinement/tests/scire.foundation.service.evaluation.tests/bin/release/net10.0/scire.foundation.service.evaluation.tests.dll" id="2b24cc9c-ea83-e17c-9550-dcddd0f7031f">
      <Execution id="84fbdf6c-c51b-42db-96f4-34cbcbe008cb" />
      <TestMethod codeBase="/workspace/scratch/823a1552b44e/evaluation-refinement/tests/SCIRE.Foundation.Service.Evaluation.Tests/bin/Release/net10.0/SCIRE.Foundation.Service.Evaluation.Tests.dll" adapterTypeName="executor://xunit/VsTestRunner3/netcore/" className="SCIRE.Foundation.Service.Evaluation.Tests.Dres.DresEvaluationServiceTests" name="ClearSession_DuringLoginPreventsLateSessionRestoration" />
    </UnitTest>
    <UnitTest name="SCIRE.Foundation.Service.Evaluation.Tests.Dres.DresEvaluationServiceTests.InvalidSuccessfulResponse_IsAProtocolFailure(payload: &quot;{}&quot;)" storage="/workspace/scratch/823a1552b44e/evaluation-refinement/tests/scire.foundation.service.evaluation.tests/bin/release/net10.0/scire.foundation.service.evaluation.tests.dll" id="0317e562-e89d-0cc8-42b3-a45a800ee1ce">
      <Execution id="588ff0ab-4142-4207-addf-200c1ccc81ef" />
      <TestMethod codeBase="/workspace/scratch/823a1552b44e/evaluation-refinement/tests/SCIRE.Foundation.Service.Evaluation.Tests/bin/Release/net10.0/SCIRE.Foundation.Service.Evaluation.Tests.dll" adapterTypeName="executor://xunit/VsTestRunner3/netcore/" className="SCIRE.Foundation.Service.Evaluation.Tests.Dres.DresEvaluationServiceTests" name="InvalidSuccessfulResponse_IsAProtocolFailure" />
    </UnitTest>
    <UnitTest name="SCIRE.Foundation.Service.Evaluation.Tests.Dres.DresEvaluationServiceTests.ProtectedOperations_UseTheSameExplicitSession" storage="/workspace/scratch/823a1552b44e/evaluation-refinement/tests/scire.foundation.service.evaluation.tests/bin/release/net10.0/scire.foundation.service.evaluation.tests.dll" id="14001813-2603-6c7a-943e-e9d39826ad65">
      <Execution id="11500c7f-a14a-49f8-8ac4-1718915fe8c7" />
      <TestMethod codeBase="/workspace/scratch/823a1552b44e/evaluation-refinement/tests/SCIRE.Foundation.Service.Evaluation.Tests/bin/Release/net10.0/SCIRE.Foundation.Service.Evaluation.Tests.dll" adapterTypeName="executor://xunit/VsTestRunner3/netcore/" className="SCIRE.Foundation.Service.Evaluation.Tests.Dres.DresEvaluationServiceTests" name="ProtectedOperations_UseTheSameExplicitSession" />
    </UnitTest>
    <UnitTest name="SCIRE.Foundation.Service.Evaluation.Tests.Dres.DresEvaluationServiceTests.EvaluationLogger_PreservesEventSemanticsAndUsesMilliseconds" storage="/workspace/scratch/823a1552b44e/evaluation-refinement/tests/scire.foundation.service.evaluation.tests/bin/release/net10.0/scire.foundation.service.evaluation.tests.dll" id="c1871390-988c-8d62-f851-a9390fec6f5a">
      <Execution id="448b325f-e7b1-41d4-9f64-399f49bf2cb8" />
      <TestMethod codeBase="/workspace/scratch/823a1552b44e/evaluation-refinement/tests/SCIRE.Foundation.Service.Evaluation.Tests/bin/Release/net10.0/SCIRE.Foundation.Service.Evaluation.Tests.dll" adapterTypeName="executor://xunit/VsTestRunner3/netcore/" className="SCIRE.Foundation.Service.Evaluation.Tests.Dres.DresEvaluationServiceTests" name="EvaluationLogger_PreservesEventSemanticsAndUsesMilliseconds" />
    </UnitTest>
    <UnitTest name="SCIRE.Foundation.Service.Evaluation.Tests.Dres.DresEvaluationServiceTests.ExpiredResponseFromPreviousLogin_CannotInvalidateNewSession" storage="/workspace/scratch/823a1552b44e/evaluation-refinement/tests/scire.foundation.service.evaluation.tests/bin/release/net10.0/scire.foundation.service.evaluation.tests.dll" id="4b047288-10e7-f1a9-a9dc-2f91ec9cf757">
      <Execution id="56655a60-5786-4597-9478-60c68ce2d7f5" />
      <TestMethod codeBase="/workspace/scratch/823a1552b44e/evaluation-refinement/tests/SCIRE.Foundation.Service.Evaluation.Tests/bin/Release/net10.0/SCIRE.Foundation.Service.Evaluation.Tests.dll" adapterTypeName="executor://xunit/VsTestRunner3/netcore/" className="SCIRE.Foundation.Service.Evaluation.Tests.Dres.DresEvaluationServiceTests" name="ExpiredResponseFromPreviousLogin_CannotInvalidateNewSession" />
    </UnitTest>
    <UnitTest name="SCIRE.Foundation.Service.Evaluation.Tests.Dres.DresEvaluationServiceTests.ExplicitSubmission_PreservesTaskTargetAndAnswerSets" storage="/workspace/scratch/823a1552b44e/evaluation-refinement/tests/scire.foundation.service.evaluation.tests/bin/release/net10.0/scire.foundation.service.evaluation.tests.dll" id="db3b0626-e149-a0bb-87da-5defad52dd5b">
      <Execution id="16a89acf-b342-450a-bd26-be591948864c" />
      <TestMethod codeBase="/workspace/scratch/823a1552b44e/evaluation-refinement/tests/SCIRE.Foundation.Service.Evaluation.Tests/bin/Release/net10.0/SCIRE.Foundation.Service.Evaluation.Tests.dll" adapterTypeName="executor://xunit/VsTestRunner3/netcore/" className="SCIRE.Foundation.Service.Evaluation.Tests.Dres.DresEvaluationServiceTests" name="ExplicitSubmission_PreservesTaskTargetAndAnswerSets" />
    </UnitTest>
    <UnitTest name="SCIRE.Foundation.Service.Evaluation.Tests.Dres.DresEvaluationServiceTests.InvalidLogCategory_IsRejectedBeforeSending" storage="/workspace/scratch/823a1552b44e/evaluation-refinement/tests/scire.foundation.service.evaluation.tests/bin/release/net10.0/scire.foundation.service.evaluation.tests.dll" id="6c61be02-d81c-5f2d-ef98-28a1171a553e">
      <Execution id="2c350fa0-ee37-44ac-a6cc-acb5ab55c0cf" />
      <TestMethod codeBase="/workspace/scratch/823a1552b44e/evaluation-refinement/tests/SCIRE.Foundation.Service.Evaluation.Tests/bin/Release/net10.0/SCIRE.Foundation.Service.Evaluation.Tests.dll" adapterTypeName="executor://xunit/VsTestRunner3/netcore/" className="SCIRE.Foundation.Service.Evaluation.Tests.Dres.DresEvaluationServiceTests" name="InvalidLogCategory_IsRejectedBeforeSending" />
    </UnitTest>
    <UnitTest name="SCIRE.Foundation.Service.Evaluation.Tests.Dres.DresEvaluationServiceTests.SubmitAsync_ThrowsDresApiExceptionWhenSubmissionIsRejected" storage="/workspace/scratch/823a1552b44e/evaluation-refinement/tests/scire.foundation.service.evaluation.tests/bin/release/net10.0/scire.foundation.service.evaluation.tests.dll" id="803b1e98-48c1-a018-5c8e-03149a98fc15">
      <Execution id="257770a0-7311-491a-9b47-83fe35897bb6" />
      <TestMethod codeBase="/workspace/scratch/823a1552b44e/evaluation-refinement/tests/SCIRE.Foundation.Service.Evaluation.Tests/bin/Release/net10.0/SCIRE.Foundation.Service.Evaluation.Tests.dll" adapterTypeName="executor://xunit/VsTestRunner3/netcore/" className="SCIRE.Foundation.Service.Evaluation.Tests.Dres.DresEvaluationServiceTests" name="SubmitAsync_ThrowsDresApiExceptionWhenSubmissionIsRejected" />
    </UnitTest>
    <UnitTest name="SCIRE.Foundation.Service.Evaluation.Tests.Dres.DresEvaluationServiceTests.SubmitAsync_MapsApplicationScopeToDresTemporalSubmission" storage="/workspace/scratch/823a1552b44e/evaluation-refinement/tests/scire.foundation.service.evaluation.tests/bin/release/net10.0/scire.foundation.service.evaluation.tests.dll" id="cf73d612-bcd9-bb1a-b9ff-f29a5c271ff0">
      <Execution id="0a3f1b6f-a902-48fb-9a87-06e109779f6e" />
      <TestMethod codeBase="/workspace/scratch/823a1552b44e/evaluation-refinement/tests/SCIRE.Foundation.Service.Evaluation.Tests/bin/Release/net10.0/SCIRE.Foundation.Service.Evaluation.Tests.dll" adapterTypeName="executor://xunit/VsTestRunner3/netcore/" className="SCIRE.Foundation.Service.Evaluation.Tests.Dres.DresEvaluationServiceTests" name="SubmitAsync_MapsApplicationScopeToDresTemporalSubmission" />
    </UnitTest>
  </TestDefinitions>
  <TestEntries>
    <TestEntry testId="2c7dc509-23d1-00df-5b55-30077a42f654" executionId="06594a87-c39c-4001-8006-ba6da35fe5bb" testListId="8c84fa94-04c1-424b-9868-57a2d4851a1d" />
    <TestEntry testId="eee2253b-ab6f-d919-4be4-f88151cf177b" executionId="f9938c1c-ba8f-44e4-9e09-ab0dc9efb0ab" testListId="8c84fa94-04c1-424b-9868-57a2d4851a1d" />
    <TestEntry testId="85a8eea5-2752-2ffa-11ea-e99f0ba98f6a" executionId="77f30576-ecad-456f-8bdf-402d6f6c3c91" testListId="8c84fa94-04c1-424b-9868-57a2d4851a1d" />
    <TestEntry testId="e689c14e-b42e-0240-9abf-3d66c03dcde9" executionId="49cde391-b64e-49e8-8931-8ed7c65beb31" testListId="8c84fa94-04c1-424b-9868-57a2d4851a1d" />
    <TestEntry testId="a596f24c-3e63-ff75-0c47-0bbba7ee90f0" executionId="fc7ad3ea-5cd1-414c-b780-85e62b40a622" testListId="8c84fa94-04c1-424b-9868-57a2d4851a1d" />
    <TestEntry testId="0317e562-e89d-0cc8-42b3-a45a800ee1ce" executionId="588ff0ab-4142-4207-addf-200c1ccc81ef" testListId="8c84fa94-04c1-424b-9868-57a2d4851a1d" />
    <TestEntry testId="c1871390-988c-8d62-f851-a9390fec6f5a" executionId="448b325f-e7b1-41d4-9f64-399f49bf2cb8" testListId="8c84fa94-04c1-424b-9868-57a2d4851a1d" />
    <TestEntry testId="cd3dd5d5-1bd8-8b71-c35e-f59f12c69727" executionId="e57933cb-c044-43c0-b28a-645395cf5093" testListId="8c84fa94-04c1-424b-9868-57a2d4851a1d" />
    <TestEntry testId="a97a902c-3764-343c-7bbb-e1b1c4998efa" executionId="11771a5c-d484-41f0-9af1-e027e6f2b182" testListId="8c84fa94-04c1-424b-9868-57a2d4851a1d" />
    <TestEntry testId="2eb261fc-1b11-0653-8907-79bdd82af4f6" executionId="346e8fe6-26a6-481e-b574-9f64c14c3a5f" testListId="8c84fa94-04c1-424b-9868-57a2d4851a1d" />
    <TestEntry testId="a58e3825-7ed9-c67b-677c-cc90e455efc0" executionId="2bb4402f-9c72-45be-aea0-4ded7e13859a" testListId="8c84fa94-04c1-424b-9868-57a2d4851a1d" />
    <TestEntry testId="fb4c5a23-093e-8ea7-3b57-d37e98aa6e42" executionId="acef5222-cb87-4318-ab28-e15272304d65" testListId="8c84fa94-04c1-424b-9868-57a2d4851a1d" />
    <TestEntry testId="40dfff53-2dc8-7413-84fa-45f18fd0c220" executionId="42f3bf78-55bd-4173-97e2-d1ab5db8f3b9" testListId="8c84fa94-04c1-424b-9868-57a2d4851a1d" />
    <TestEntry testId="f2fbeb36-2966-45bc-5e23-e61fe9adf1fc" executionId="60ce94ae-fb35-4db3-a17b-f52772315de1" testListId="8c84fa94-04c1-424b-9868-57a2d4851a1d" />
    <TestEntry testId="cbbb5797-d7fd-26fb-c80c-6adf888faf3f" executionId="dd9ca0c6-3324-4d28-ac20-6287b8bf367d" testListId="8c84fa94-04c1-424b-9868-57a2d4851a1d" />
    <TestEntry testId="895dfa5a-5d12-73b3-a561-e3f5a3d4ceb2" executionId="1df4b062-cc61-4685-9009-158f564fe756" testListId="8c84fa94-04c1-424b-9868-57a2d4851a1d" />
    <TestEntry testId="f6574cdd-c6d6-0cf8-6e86-91b242939c54" executionId="9c87909c-9087-4566-9487-0c94de8b1272" testListId="8c84fa94-04c1-424b-9868-57a2d4851a1d" />
    <TestEntry testId="6b588178-6dc5-aec7-4549-27636bb9d9ec" executionId="a2afb58b-c5ab-4cc6-88f2-f5bea1f00186" testListId="8c84fa94-04c1-424b-9868-57a2d4851a1d" />
    <TestEntry testId="6c61be02-d81c-5f2d-ef98-28a1171a553e" executionId="2c350fa0-ee37-44ac-a6cc-acb5ab55c0cf" testListId="8c84fa94-04c1-424b-9868-57a2d4851a1d" />
    <TestEntry testId="57ac18e8-d8ef-7d54-fb05-4971b2a0ccf0" executionId="9c1027f0-0fcd-44a4-b17a-aea48d22c2d1" testListId="8c84fa94-04c1-424b-9868-57a2d4851a1d" />
    <TestEntry testId="5b7654cd-dad9-bdf3-8b8b-8d02e8d7719e" executionId="5f9d314a-3de6-4054-b2c4-75f4f09ae9f3" testListId="8c84fa94-04c1-424b-9868-57a2d4851a1d" />
    <TestEntry testId="803b1e98-48c1-a018-5c8e-03149a98fc15" executionId="257770a0-7311-491a-9b47-83fe35897bb6" testListId="8c84fa94-04c1-424b-9868-57a2d4851a1d" />
    <TestEntry testId="d52baf71-9c3f-1904-d7a7-6bffc4fe7557" executionId="cd5cbb54-8d77-45f6-8115-77020a90bff3" testListId="8c84fa94-04c1-424b-9868-57a2d4851a1d" />
    <TestEntry testId="17935360-851e-f270-93a3-39f5284ef49d" executionId="78e9a061-0d6c-414c-b7dd-68e5a45c16b0" testListId="8c84fa94-04c1-424b-9868-57a2d4851a1d" />
    <TestEntry testId="cf73d612-bcd9-bb1a-b9ff-f29a5c271ff0" executionId="0a3f1b6f-a902-48fb-9a87-06e109779f6e" testListId="8c84fa94-04c1-424b-9868-57a2d4851a1d" />
    <TestEntry testId="14001813-2603-6c7a-943e-e9d39826ad65" executionId="11500c7f-a14a-49f8-8ac4-1718915fe8c7" testListId="8c84fa94-04c1-424b-9868-57a2d4851a1d" />
    <TestEntry testId="37659417-4464-2cf1-52fd-0d81f0230916" executionId="28f2fd2e-ec7d-43c6-adc4-70800cae2c14" testListId="8c84fa94-04c1-424b-9868-57a2d4851a1d" />
    <TestEntry testId="e1a331ef-5cbb-c1b5-8492-c61ef36de08b" executionId="3fa592fb-735e-41b5-aa3b-7c17caf72f2f" testListId="8c84fa94-04c1-424b-9868-57a2d4851a1d" />
    <TestEntry testId="87f4cfb9-f0ed-950b-300d-c66ac142f44f" executionId="e4f8bfa9-ccf7-4501-a70b-d8b1499f5048" testListId="8c84fa94-04c1-424b-9868-57a2d4851a1d" />
    <TestEntry testId="2b24cc9c-ea83-e17c-9550-dcddd0f7031f" executionId="84fbdf6c-c51b-42db-96f4-34cbcbe008cb" testListId="8c84fa94-04c1-424b-9868-57a2d4851a1d" />
    <TestEntry testId="033bcf0c-45df-52ae-61b5-db59d0e199bb" executionId="f0a966e3-9c2e-4f0b-bf5d-bde2d7fafd62" testListId="8c84fa94-04c1-424b-9868-57a2d4851a1d" />
    <TestEntry testId="468b04f2-d351-c374-69a3-cd03c1e8f258" executionId="75872db4-6eb5-4eed-9181-f973ca677b62" testListId="8c84fa94-04c1-424b-9868-57a2d4851a1d" />
    <TestEntry testId="db4ce238-b9ab-c91f-b6d2-12394efbd743" executionId="97c51d96-a49d-460c-a7ea-b0c175510999" testListId="8c84fa94-04c1-424b-9868-57a2d4851a1d" />
    <TestEntry testId="b7fc448e-9737-5800-00ac-3a491b22d5d3" executionId="b0d1c46e-b30b-4600-9e16-eb237e2cbbd6" testListId="8c84fa94-04c1-424b-9868-57a2d4851a1d" />
    <TestEntry testId="4b047288-10e7-f1a9-a9dc-2f91ec9cf757" executionId="56655a60-5786-4597-9478-60c68ce2d7f5" testListId="8c84fa94-04c1-424b-9868-57a2d4851a1d" />
    <TestEntry testId="7c1f5c39-2f50-1ba9-3a37-66b35ee1cc8f" executionId="f9060f80-daf0-4a76-b29b-9dcee227ebc1" testListId="8c84fa94-04c1-424b-9868-57a2d4851a1d" />
    <TestEntry testId="a2358276-8174-0ad7-654d-10911e3816db" executionId="90576e76-eb0f-44c3-ba66-0d5bb7322448" testListId="8c84fa94-04c1-424b-9868-57a2d4851a1d" />
    <TestEntry testId="d296b284-0279-8c86-dfcd-469611131294" executionId="6339802e-d0fd-41bd-b34e-d6a84412f4ed" testListId="8c84fa94-04c1-424b-9868-57a2d4851a1d" />
    <TestEntry testId="df2bff67-5013-67cb-1dc7-b993cf0a8926" executionId="1bc248fb-a794-439c-9234-0ae94784607d" testListId="8c84fa94-04c1-424b-9868-57a2d4851a1d" />
    <TestEntry testId="db3b0626-e149-a0bb-87da-5defad52dd5b" executionId="16a89acf-b342-450a-bd26-be591948864c" testListId="8c84fa94-04c1-424b-9868-57a2d4851a1d" />
    <TestEntry testId="ed7ea98a-e022-5935-2c20-64cff34a973c" executionId="61d5b991-cd0e-4f24-bb2f-e7e056a8fd8c" testListId="8c84fa94-04c1-424b-9868-57a2d4851a1d" />
  </TestEntries>
  <TestLists>
    <TestList name="Results Not in a List" id="8c84fa94-04c1-424b-9868-57a2d4851a1d" />
    <TestList name="All Loaded Results" id="19431567-8539-422a-85d7-44ee4e166bda" />
  </TestLists>
  <ResultSummary outcome="Completed">
    <Counters total="41" executed="39" passed="39" failed="0" error="0" timeout="0" aborted="0" inconclusive="0" passedButRunAborted="0" notRunnable="0" notExecuted="0" disconnected="0" warning="0" completed="0" inProgress="0" pending="0" />
    <Output>
      <StdOut>[xUnit.net 00:00:00.00] xUnit.net VSTest Adapter v3.1.4+50e68bbb8b (64-bit .NET 10.0.12)
[xUnit.net 00:00:00.17]   Discovering: SCIRE.Foundation.Service.Evaluation.Tests
[xUnit.net 00:00:00.34]   Discovered:  SCIRE.Foundation.Service.Evaluation.Tests
[xUnit.net 00:00:00.41]   Starting:    SCIRE.Foundation.Service.Evaluation.Tests
[xUnit.net 00:00:00.49]       Set DRES_ENDPOINT, DRES_USERNAME and DRES_PASSWORD to run against a live DRES instance.
[xUnit.net 00:00:00.52]       Set DRES_ENDPOINT, DRES_USERNAME and DRES_PASSWORD to run against a live DRES instance.
Test 'SCIRE.Foundation.Service.Evaluation.Tests.Dres.DresLiveTests.LiveDres_SmokeTest' was skipped in the test run.
Test 'SCIRE.Foundation.Service.Evaluation.Tests.Dres.DresLiveTests.LiveDres_ViewerState' was skipped in the test run.
[xUnit.net 00:00:01.07]   Finished:    SCIRE.Foundation.Service.Evaluation.Tests
</StdOut>
    </Output>
    <RunInfos>
      <RunInfo computerName="localhost" outcome="Warning" timestamp="2026-09-15T14:02:10.8052538+02:00">
        <Text>[xUnit.net 00:00:00.49]     SCIRE.Foundation.Service.Evaluation.Tests.Dres.DresLiveTests.LiveDres_SmokeTest [SKIP]</Text>
      </RunInfo>
      <RunInfo computerName="localhost" outcome="Warning" timestamp="2026-09-15T14:02:10.8401524+02:00">
        <Text>[xUnit.net 00:00:00.52]     SCIRE.Foundation.Service.Evaluation.Tests.Dres.DresLiveTests.LiveDres_ViewerState [SKIP]</Text>
      </RunInfo>
    </RunInfos>
  </ResultSummary>
</TestRun>